<?xml version="1.0" encoding="UTF-8"?>
<!-- Generated by org.testng.reporters.JUnitReportReporter -->
<testsuite hostname="Faisals-MacBook-Pro.local" failures="0" tests="1" name="runners.TestNGCucumberRunner" time="9.700" errors="0" timestamp="2025-05-09T10:01:35 WIB" skipped="0">
  <testcase classname="runners.TestNGCucumberRunner" name="runScenario" time="9.700"/>
</testsuite> <!-- runners.TestNGCucumberRunner -->
